{"D:\\page-pulse\\server\\app.js": {"path":"D:\\page-pulse\\server\\app.js","statementMap":{"0":{"start":{"line":1,"column":16},"end":{"line":1,"column":34}},"1":{"start":{"line":2,"column":13},"end":{"line":2,"column":28}},"2":{"start":{"line":3,"column":20},"end":{"line":3,"column":51}},"3":{"start":{"line":5,"column":12},"end":{"line":5,"column":21}},"4":{"start":{"line":8,"column":21},"end":{"line":8,"column":70}},"5":{"start":{"line":9,"column":28},"end":{"line":9,"column":59}},"6":{"start":{"line":10,"column":23},"end":{"line":16,"column":3}},"7":{"start":{"line":18,"column":0},"end":{"line":29,"column":4}},"8":{"start":{"line":21,"column":4},"end":{"line":21,"column":45}},"9":{"start":{"line":21,"column":17},"end":{"line":21,"column":45}},"10":{"start":{"line":22,"column":24},"end":{"line":22,"column":49}},"11":{"start":{"line":23,"column":4},"end":{"line":25,"column":5}},"12":{"start":{"line":24,"column":6},"end":{"line":24,"column":34}},"13":{"start":{"line":26,"column":4},"end":{"line":26,"column":33}},"14":{"start":{"line":31,"column":0},"end":{"line":31,"column":24}},"15":{"start":{"line":34,"column":0},"end":{"line":36,"column":3}},"16":{"start":{"line":35,"column":2},"end":{"line":35,"column":53}},"17":{"start":{"line":38,"column":0},"end":{"line":40,"column":3}},"18":{"start":{"line":39,"column":2},"end":{"line":39,"column":29}},"19":{"start":{"line":42,"column":0},"end":{"line":42,"column":29}},"20":{"start":{"line":44,"column":0},"end":{"line":50,"column":3}},"21":{"start":{"line":45,"column":2},"end":{"line":45,"column":27}},"22":{"start":{"line":46,"column":2},"end":{"line":49,"column":5}},"23":{"start":{"line":52,"column":0},"end":{"line":52,"column":21}}},"fnMap":{"0":{"name":"(anonymous_0)","decl":{"start":{"line":19,"column":10},"end":{"line":19,"column":11}},"loc":{"start":{"line":19,"column":32},"end":{"line":27,"column":3}},"line":19},"1":{"name":"(anonymous_1)","decl":{"start":{"line":34,"column":13},"end":{"line":34,"column":14}},"loc":{"start":{"line":34,"column":27},"end":{"line":36,"column":1}},"line":34},"2":{"name":"(anonymous_2)","decl":{"start":{"line":38,"column":23},"end":{"line":38,"column":24}},"loc":{"start":{"line":38,"column":37},"end":{"line":40,"column":1}},"line":38},"3":{"name":"(anonymous_3)","decl":{"start":{"line":44,"column":8},"end":{"line":44,"column":9}},"loc":{"start":{"line":44,"column":33},"end":{"line":50,"column":1}},"line":44}},"branchMap":{"0":{"loc":{"start":{"line":8,"column":21},"end":{"line":8,"column":70}},"type":"binary-expr","locations":[{"start":{"line":8,"column":21},"end":{"line":8,"column":43}},{"start":{"line":8,"column":47},"end":{"line":8,"column":70}}],"line":8},"1":{"loc":{"start":{"line":21,"column":4},"end":{"line":21,"column":45}},"type":"if","locations":[{"start":{"line":21,"column":4},"end":{"line":21,"column":45}},{"start":{},"end":{}}],"line":21},"2":{"loc":{"start":{"line":23,"column":4},"end":{"line":25,"column":5}},"type":"if","locations":[{"start":{"line":23,"column":4},"end":{"line":25,"column":5}},{"start":{},"end":{}}],"line":23},"3":{"loc":{"start":{"line":23,"column":8},"end":{"line":23,"column":79}},"type":"binary-expr","locations":[{"start":{"line":23,"column":8},"end":{"line":23,"column":44}},{"start":{"line":23,"column":48},"end":{"line":23,"column":79}}],"line":23}},"s":{"0":1,"1":1,"2":1,"3":1,"4":1,"5":1,"6":1,"7":1,"8":7,"9":7,"10":0,"11":0,"12":0,"13":0,"14":1,"15":1,"16":0,"17":1,"18":0,"19":1,"20":1,"21":0,"22":0,"23":1},"f":{"0":7,"1":0,"2":0,"3":0},"b":{"0":[1,1],"1":[7,0],"2":[0,0],"3":[0,0]},"_coverageSchema":"1a1c01bbd47fc00a2c39e90264f33305004495a9","hash":"b828ef14b281d6c3c5a89e5b46f5163c62a7d5a2"}
,"D:\\page-pulse\\server\\controllers\\auditController.js": {"path":"D:\\page-pulse\\server\\controllers\\auditController.js","statementMap":{"0":{"start":{"line":1,"column":21},"end":{"line":1,"column":56}},"1":{"start":{"line":2,"column":21},"end":{"line":2,"column":56}},"2":{"start":{"line":4,"column":0},"end":{"line":87,"column":2}},"3":{"start":{"line":5,"column":2},"end":{"line":86,"column":3}},"4":{"start":{"line":6,"column":20},"end":{"line":6,"column":28}},"5":{"start":{"line":8,"column":4},"end":{"line":13,"column":5}},"6":{"start":{"line":9,"column":6},"end":{"line":12,"column":9}},"7":{"start":{"line":15,"column":29},"end":{"line":15,"column":55}},"8":{"start":{"line":16,"column":4},"end":{"line":21,"column":5}},"9":{"start":{"line":17,"column":6},"end":{"line":20,"column":9}},"10":{"start":{"line":23,"column":19},"end":{"line":23,"column":50}},"11":{"start":{"line":25,"column":4},"end":{"line":28,"column":7}},"12":{"start":{"line":30,"column":4},"end":{"line":30,"column":52}},"13":{"start":{"line":32,"column":4},"end":{"line":37,"column":5}},"14":{"start":{"line":33,"column":6},"end":{"line":36,"column":9}},"15":{"start":{"line":39,"column":4},"end":{"line":44,"column":5}},"16":{"start":{"line":40,"column":6},"end":{"line":43,"column":9}},"17":{"start":{"line":46,"column":4},"end":{"line":51,"column":5}},"18":{"start":{"line":47,"column":6},"end":{"line":50,"column":9}},"19":{"start":{"line":53,"column":4},"end":{"line":58,"column":5}},"20":{"start":{"line":54,"column":6},"end":{"line":57,"column":9}},"21":{"start":{"line":60,"column":4},"end":{"line":73,"column":5}},"22":{"start":{"line":62,"column":6},"end":{"line":67,"column":7}},"23":{"start":{"line":63,"column":8},"end":{"line":66,"column":11}},"24":{"start":{"line":69,"column":6},"end":{"line":72,"column":9}},"25":{"start":{"line":75,"column":4},"end":{"line":80,"column":5}},"26":{"start":{"line":76,"column":6},"end":{"line":79,"column":9}},"27":{"start":{"line":82,"column":4},"end":{"line":85,"column":7}}},"fnMap":{"0":{"name":"(anonymous_0)","decl":{"start":{"line":4,"column":25},"end":{"line":4,"column":26}},"loc":{"start":{"line":4,"column":45},"end":{"line":87,"column":1}},"line":4}},"branchMap":{"0":{"loc":{"start":{"line":8,"column":4},"end":{"line":13,"column":5}},"type":"if","locations":[{"start":{"line":8,"column":4},"end":{"line":13,"column":5}},{"start":{},"end":{}}],"line":8},"1":{"loc":{"start":{"line":16,"column":4},"end":{"line":21,"column":5}},"type":"if","locations":[{"start":{"line":16,"column":4},"end":{"line":21,"column":5}},{"start":{},"end":{}}],"line":16},"2":{"loc":{"start":{"line":32,"column":4},"end":{"line":37,"column":5}},"type":"if","locations":[{"start":{"line":32,"column":4},"end":{"line":37,"column":5}},{"start":{},"end":{}}],"line":32},"3":{"loc":{"start":{"line":39,"column":4},"end":{"line":44,"column":5}},"type":"if","locations":[{"start":{"line":39,"column":4},"end":{"line":44,"column":5}},{"start":{},"end":{}}],"line":39},"4":{"loc":{"start":{"line":46,"column":4},"end":{"line":51,"column":5}},"type":"if","locations":[{"start":{"line":46,"column":4},"end":{"line":51,"column":5}},{"start":{},"end":{}}],"line":46},"5":{"loc":{"start":{"line":53,"column":4},"end":{"line":58,"column":5}},"type":"if","locations":[{"start":{"line":53,"column":4},"end":{"line":58,"column":5}},{"start":{},"end":{}}],"line":53},"6":{"loc":{"start":{"line":60,"column":4},"end":{"line":73,"column":5}},"type":"if","locations":[{"start":{"line":60,"column":4},"end":{"line":73,"column":5}},{"start":{},"end":{}}],"line":60},"7":{"loc":{"start":{"line":62,"column":6},"end":{"line":67,"column":7}},"type":"if","locations":[{"start":{"line":62,"column":6},"end":{"line":67,"column":7}},{"start":{},"end":{}}],"line":62},"8":{"loc":{"start":{"line":69,"column":24},"end":{"line":69,"column":52}},"type":"binary-expr","locations":[{"start":{"line":69,"column":24},"end":{"line":69,"column":45}},{"start":{"line":69,"column":49},"end":{"line":69,"column":52}}],"line":69},"9":{"loc":{"start":{"line":75,"column":4},"end":{"line":80,"column":5}},"type":"if","locations":[{"start":{"line":75,"column":4},"end":{"line":80,"column":5}},{"start":{},"end":{}}],"line":75}},"s":{"0":1,"1":1,"2":1,"3":7,"4":7,"5":7,"6":1,"7":6,"8":6,"9":1,"10":5,"11":1,"12":4,"13":4,"14":1,"15":3,"16":1,"17":2,"18":1,"19":1,"20":1,"21":0,"22":0,"23":0,"24":0,"25":0,"26":0,"27":0},"f":{"0":7},"b":{"0":[1,6],"1":[1,5],"2":[1,3],"3":[1,2],"4":[1,1],"5":[1,0],"6":[0,0],"7":[0,0],"8":[0,0],"9":[0,0]},"_coverageSchema":"1a1c01bbd47fc00a2c39e90264f33305004495a9","hash":"d13ea9ea82552b5ce9ed047232875dfde89605ea"}
,"D:\\page-pulse\\server\\routes\\auditRoutes.js": {"path":"D:\\page-pulse\\server\\routes\\auditRoutes.js","statementMap":{"0":{"start":{"line":1,"column":16},"end":{"line":1,"column":34}},"1":{"start":{"line":2,"column":15},"end":{"line":2,"column":31}},"2":{"start":{"line":3,"column":24},"end":{"line":3,"column":65}},"3":{"start":{"line":5,"column":0},"end":{"line":5,"column":56}},"4":{"start":{"line":7,"column":0},"end":{"line":7,"column":24}}},"fnMap":{},"branchMap":{},"s":{"0":1,"1":1,"2":1,"3":1,"4":1},"f":{},"b":{},"_coverageSchema":"1a1c01bbd47fc00a2c39e90264f33305004495a9","hash":"7fda7da93bda1d3f994c1086f01d0372e17eb3e9"}
,"D:\\page-pulse\\server\\services\\auditService.js": {"path":"D:\\page-pulse\\server\\services\\auditService.js","statementMap":{"0":{"start":{"line":1,"column":14},"end":{"line":1,"column":30}},"1":{"start":{"line":2,"column":16},"end":{"line":2,"column":34}},"2":{"start":{"line":6,"column":22},"end":{"line":6,"column":32}},"3":{"start":{"line":8,"column":4},"end":{"line":18,"column":5}},"4":{"start":{"line":9,"column":23},"end":{"line":9,"column":51}},"5":{"start":{"line":10,"column":27},"end":{"line":10,"column":49}},"6":{"start":{"line":12,"column":19},"end":{"line":12,"column":32}},"7":{"start":{"line":13,"column":16},"end":{"line":13,"column":34}},"8":{"start":{"line":15,"column":6},"end":{"line":15,"column":60}},"9":{"start":{"line":17,"column":6},"end":{"line":17,"column":30}},"10":{"start":{"line":22,"column":4},"end":{"line":81,"column":5}},"11":{"start":{"line":23,"column":23},"end":{"line":31,"column":8}},"12":{"start":{"line":30,"column":36},"end":{"line":30,"column":65}},"13":{"start":{"line":33,"column":26},"end":{"line":33,"column":64}},"14":{"start":{"line":34,"column":6},"end":{"line":38,"column":7}},"15":{"start":{"line":35,"column":22},"end":{"line":35,"column":60}},"16":{"start":{"line":36,"column":8},"end":{"line":36,"column":35}},"17":{"start":{"line":37,"column":8},"end":{"line":37,"column":20}},"18":{"start":{"line":40,"column":6},"end":{"line":40,"column":22}},"19":{"start":{"line":42,"column":22},"end":{"line":42,"column":38}},"20":{"start":{"line":43,"column":21},"end":{"line":43,"column":40}},"21":{"start":{"line":44,"column":23},"end":{"line":44,"column":62}},"22":{"start":{"line":46,"column":6},"end":{"line":50,"column":7}},"23":{"start":{"line":47,"column":29},"end":{"line":47,"column":59}},"24":{"start":{"line":48,"column":8},"end":{"line":48,"column":41}},"25":{"start":{"line":49,"column":8},"end":{"line":49,"column":27}},"26":{"start":{"line":52,"column":6},"end":{"line":64,"column":7}},"27":{"start":{"line":61,"column":25},"end":{"line":61,"column":55}},"28":{"start":{"line":62,"column":8},"end":{"line":62,"column":41}},"29":{"start":{"line":63,"column":8},"end":{"line":63,"column":23}},"30":{"start":{"line":66,"column":6},"end":{"line":78,"column":7}},"31":{"start":{"line":75,"column":33},"end":{"line":75,"column":65}},"32":{"start":{"line":76,"column":8},"end":{"line":76,"column":49}},"33":{"start":{"line":77,"column":8},"end":{"line":77,"column":31}},"34":{"start":{"line":80,"column":6},"end":{"line":80,"column":18}},"35":{"start":{"line":85,"column":18},"end":{"line":85,"column":57}},"36":{"start":{"line":87,"column":28},"end":{"line":87,"column":88}},"37":{"start":{"line":89,"column":20},"end":{"line":89,"column":34}},"38":{"start":{"line":91,"column":29},"end":{"line":94,"column":13}},"39":{"start":{"line":92,"column":18},"end":{"line":92,"column":35}},"40":{"start":{"line":93,"column":6},"end":{"line":93,"column":39}},"41":{"start":{"line":96,"column":24},"end":{"line":96,"column":68}},"42":{"start":{"line":97,"column":22},"end":{"line":97,"column":69}},"43":{"start":{"line":99,"column":4},"end":{"line":107,"column":6}},"44":{"start":{"line":111,"column":4},"end":{"line":116,"column":5}},"45":{"start":{"line":115,"column":6},"end":{"line":115,"column":18}},"46":{"start":{"line":117,"column":4},"end":{"line":117,"column":16}},"47":{"start":{"line":121,"column":0},"end":{"line":121,"column":36}}},"fnMap":{"0":{"name":"(anonymous_0)","decl":{"start":{"line":5,"column":2},"end":{"line":5,"column":3}},"loc":{"start":{"line":5,"column":21},"end":{"line":19,"column":3}},"line":5},"1":{"name":"(anonymous_1)","decl":{"start":{"line":21,"column":2},"end":{"line":21,"column":3}},"loc":{"start":{"line":21,"column":26},"end":{"line":82,"column":3}},"line":21},"2":{"name":"(anonymous_2)","decl":{"start":{"line":30,"column":24},"end":{"line":30,"column":25}},"loc":{"start":{"line":30,"column":36},"end":{"line":30,"column":65}},"line":30},"3":{"name":"(anonymous_3)","decl":{"start":{"line":84,"column":2},"end":{"line":84,"column":3}},"loc":{"start":{"line":84,"column":44},"end":{"line":108,"column":3}},"line":84},"4":{"name":"(anonymous_4)","decl":{"start":{"line":91,"column":45},"end":{"line":91,"column":46}},"loc":{"start":{"line":91,"column":56},"end":{"line":94,"column":5}},"line":91},"5":{"name":"(anonymous_5)","decl":{"start":{"line":110,"column":2},"end":{"line":110,"column":3}},"loc":{"start":{"line":110,"column":21},"end":{"line":118,"column":3}},"line":110}},"branchMap":{"0":{"loc":{"start":{"line":30,"column":36},"end":{"line":30,"column":65}},"type":"binary-expr","locations":[{"start":{"line":30,"column":36},"end":{"line":30,"column":49}},{"start":{"line":30,"column":53},"end":{"line":30,"column":65}}],"line":30},"1":{"loc":{"start":{"line":33,"column":26},"end":{"line":33,"column":64}},"type":"binary-expr","locations":[{"start":{"line":33,"column":26},"end":{"line":33,"column":58}},{"start":{"line":33,"column":62},"end":{"line":33,"column":64}}],"line":33},"2":{"loc":{"start":{"line":34,"column":6},"end":{"line":38,"column":7}},"type":"if","locations":[{"start":{"line":34,"column":6},"end":{"line":38,"column":7}},{"start":{},"end":{}}],"line":34},"3":{"loc":{"start":{"line":42,"column":22},"end":{"line":42,"column":38}},"type":"binary-expr","locations":[{"start":{"line":42,"column":22},"end":{"line":42,"column":32}},{"start":{"line":42,"column":36},"end":{"line":42,"column":38}}],"line":42},"4":{"loc":{"start":{"line":43,"column":21},"end":{"line":43,"column":40}},"type":"binary-expr","locations":[{"start":{"line":43,"column":21},"end":{"line":43,"column":34}},{"start":{"line":43,"column":38},"end":{"line":43,"column":40}}],"line":43},"5":{"loc":{"start":{"line":44,"column":23},"end":{"line":44,"column":62}},"type":"binary-expr","locations":[{"start":{"line":44,"column":24},"end":{"line":44,"column":35}},{"start":{"line":44,"column":39},"end":{"line":44,"column":55}},{"start":{"line":44,"column":60},"end":{"line":44,"column":62}}],"line":44},"6":{"loc":{"start":{"line":46,"column":6},"end":{"line":50,"column":7}},"type":"if","locations":[{"start":{"line":46,"column":6},"end":{"line":50,"column":7}},{"start":{},"end":{}}],"line":46},"7":{"loc":{"start":{"line":46,"column":10},"end":{"line":46,"column":117}},"type":"binary-expr","locations":[{"start":{"line":46,"column":10},"end":{"line":46,"column":36}},{"start":{"line":46,"column":40},"end":{"line":46,"column":63}},{"start":{"line":46,"column":67},"end":{"line":46,"column":93}},{"start":{"line":46,"column":97},"end":{"line":46,"column":117}}],"line":46},"8":{"loc":{"start":{"line":52,"column":6},"end":{"line":64,"column":7}},"type":"if","locations":[{"start":{"line":52,"column":6},"end":{"line":64,"column":7}},{"start":{},"end":{}}],"line":52},"9":{"loc":{"start":{"line":53,"column":8},"end":{"line":59,"column":32}},"type":"binary-expr","locations":[{"start":{"line":53,"column":8},"end":{"line":53,"column":31}},{"start":{"line":54,"column":8},"end":{"line":54,"column":31}},{"start":{"line":55,"column":8},"end":{"line":55,"column":32}},{"start":{"line":56,"column":8},"end":{"line":56,"column":32}},{"start":{"line":57,"column":8},"end":{"line":57,"column":36}},{"start":{"line":58,"column":8},"end":{"line":58,"column":36}},{"start":{"line":59,"column":8},"end":{"line":59,"column":32}}],"line":53},"10":{"loc":{"start":{"line":66,"column":6},"end":{"line":78,"column":7}},"type":"if","locations":[{"start":{"line":66,"column":6},"end":{"line":78,"column":7}},{"start":{},"end":{}}],"line":66},"11":{"loc":{"start":{"line":67,"column":8},"end":{"line":73,"column":32}},"type":"binary-expr","locations":[{"start":{"line":67,"column":8},"end":{"line":67,"column":34}},{"start":{"line":68,"column":8},"end":{"line":68,"column":33}},{"start":{"line":69,"column":8},"end":{"line":69,"column":35}},{"start":{"line":70,"column":8},"end":{"line":70,"column":34}},{"start":{"line":71,"column":8},"end":{"line":71,"column":39}},{"start":{"line":72,"column":8},"end":{"line":72,"column":38}},{"start":{"line":73,"column":8},"end":{"line":73,"column":32}}],"line":67},"12":{"loc":{"start":{"line":85,"column":18},"end":{"line":85,"column":57}},"type":"binary-expr","locations":[{"start":{"line":85,"column":18},"end":{"line":85,"column":42}},{"start":{"line":85,"column":46},"end":{"line":85,"column":57}}],"line":85},"13":{"loc":{"start":{"line":87,"column":28},"end":{"line":87,"column":88}},"type":"binary-expr","locations":[{"start":{"line":87,"column":28},"end":{"line":87,"column":73}},{"start":{"line":87,"column":77},"end":{"line":87,"column":88}}],"line":87},"14":{"loc":{"start":{"line":93,"column":13},"end":{"line":93,"column":38}},"type":"binary-expr","locations":[{"start":{"line":93,"column":13},"end":{"line":93,"column":17}},{"start":{"line":93,"column":21},"end":{"line":93,"column":38}}],"line":93},"15":{"loc":{"start":{"line":97,"column":22},"end":{"line":97,"column":69}},"type":"cond-expr","locations":[{"start":{"line":97,"column":36},"end":{"line":97,"column":65}},{"start":{"line":97,"column":68},"end":{"line":97,"column":69}}],"line":97},"16":{"loc":{"start":{"line":111,"column":4},"end":{"line":116,"column":5}},"type":"if","locations":[{"start":{"line":111,"column":4},"end":{"line":116,"column":5}},{"start":{},"end":{}}],"line":111},"17":{"loc":{"start":{"line":111,"column":8},"end":{"line":114,"column":39}},"type":"binary-expr","locations":[{"start":{"line":111,"column":8},"end":{"line":111,"column":35}},{"start":{"line":112,"column":8},"end":{"line":112,"column":39}},{"start":{"line":113,"column":8},"end":{"line":113,"column":36}},{"start":{"line":114,"column":8},"end":{"line":114,"column":39}}],"line":111}},"s":{"0":1,"1":1,"2":5,"3":5,"4":5,"5":1,"6":1,"7":1,"8":1,"9":4,"10":5,"11":5,"12":2,"13":2,"14":2,"15":1,"16":1,"17":1,"18":1,"19":4,"20":4,"21":4,"22":4,"23":1,"24":1,"25":1,"26":3,"27":1,"28":1,"29":1,"30":2,"31":1,"32":1,"33":1,"34":1,"35":1,"36":1,"37":1,"38":1,"39":2,"40":2,"41":1,"42":1,"43":1,"44":4,"45":4,"46":0,"47":1},"f":{"0":5,"1":5,"2":2,"3":1,"4":2,"5":4},"b":{"0":[2,2],"1":[2,0],"2":[1,1],"3":[4,3],"4":[4,0],"5":[4,2,4],"6":[1,3],"7":[4,3,3,3],"8":[1,2],"9":[3,3,3,3,3,2,2],"10":[1,1],"11":[2,2,2,2,2,1,1],"12":[1,0],"13":[1,0],"14":[2,1],"15":[1,0],"16":[4,0],"17":[4,3,2,1]},"_coverageSchema":"1a1c01bbd47fc00a2c39e90264f33305004495a9","hash":"9262babf0f96dae16dee118041aebf23aa244b7c"}
,"D:\\page-pulse\\server\\services\\urlValidator.js": {"path":"D:\\page-pulse\\server\\services\\urlValidator.js","statementMap":{"0":{"start":{"line":1,"column":0},"end":{"line":39,"column":2}},"1":{"start":{"line":2,"column":2},"end":{"line":38,"column":3}},"2":{"start":{"line":3,"column":22},"end":{"line":3,"column":39}},"3":{"start":{"line":5,"column":4},"end":{"line":10,"column":5}},"4":{"start":{"line":6,"column":6},"end":{"line":9,"column":8}},"5":{"start":{"line":12,"column":4},"end":{"line":17,"column":5}},"6":{"start":{"line":13,"column":6},"end":{"line":16,"column":8}},"7":{"start":{"line":19,"column":21},"end":{"line":19,"column":39}},"8":{"start":{"line":20,"column":24},"end":{"line":20,"column":85}},"9":{"start":{"line":22,"column":4},"end":{"line":27,"column":5}},"10":{"start":{"line":23,"column":6},"end":{"line":26,"column":8}},"11":{"start":{"line":29,"column":4},"end":{"line":32,"column":6}},"12":{"start":{"line":34,"column":4},"end":{"line":37,"column":6}}},"fnMap":{"0":{"name":"(anonymous_0)","decl":{"start":{"line":1,"column":19},"end":{"line":1,"column":20}},"loc":{"start":{"line":1,"column":33},"end":{"line":39,"column":1}},"line":1}},"branchMap":{"0":{"loc":{"start":{"line":5,"column":4},"end":{"line":10,"column":5}},"type":"if","locations":[{"start":{"line":5,"column":4},"end":{"line":10,"column":5}},{"start":{},"end":{}}],"line":5},"1":{"loc":{"start":{"line":5,"column":8},"end":{"line":5,"column":80}},"type":"binary-expr","locations":[{"start":{"line":5,"column":8},"end":{"line":5,"column":27}},{"start":{"line":5,"column":31},"end":{"line":5,"column":80}}],"line":5},"2":{"loc":{"start":{"line":12,"column":4},"end":{"line":17,"column":5}},"type":"if","locations":[{"start":{"line":12,"column":4},"end":{"line":17,"column":5}},{"start":{},"end":{}}],"line":12},"3":{"loc":{"start":{"line":22,"column":4},"end":{"line":27,"column":5}},"type":"if","locations":[{"start":{"line":22,"column":4},"end":{"line":27,"column":5}},{"start":{},"end":{}}],"line":22},"4":{"loc":{"start":{"line":22,"column":8},"end":{"line":22,"column":63}},"type":"binary-expr","locations":[{"start":{"line":22,"column":8},"end":{"line":22,"column":35}},{"start":{"line":22,"column":39},"end":{"line":22,"column":63}}],"line":22}},"s":{"0":1,"1":6,"2":6,"3":5,"4":0,"5":5,"6":0,"7":5,"8":5,"9":5,"10":0,"11":5,"12":1},"f":{"0":6},"b":{"0":[0,5],"1":[5,5],"2":[0,5],"3":[0,5],"4":[5,0]},"_coverageSchema":"1a1c01bbd47fc00a2c39e90264f33305004495a9","hash":"6395cb260a288f2199986029654d24dc2922d807"}
}
