TN:
SF:app.js
FN:19,(anonymous_0)
FN:34,(anonymous_1)
FN:38,(anonymous_2)
FN:44,(anonymous_3)
FNF:4
FNH:1
FNDA:7,(anonymous_0)
FNDA:0,(anonymous_1)
FNDA:0,(anonymous_2)
FNDA:0,(anonymous_3)
DA:1,1
DA:2,1
DA:3,1
DA:5,1
DA:8,1
DA:9,1
DA:10,1
DA:18,1
DA:21,7
DA:22,0
DA:23,0
DA:24,0
DA:26,0
DA:31,1
DA:34,1
DA:35,0
DA:38,1
DA:39,0
DA:42,1
DA:44,1
DA:45,0
DA:46,0
DA:52,1
LF:23
LH:15
BRDA:8,0,0,1
BRDA:8,0,1,1
BRDA:21,1,0,7
BRDA:21,1,1,0
BRDA:23,2,0,0
BRDA:23,2,1,0
BRDA:23,3,0,0
BRDA:23,3,1,0
BRF:8
BRH:3
end_of_record
TN:
SF:controllers\auditController.js
FN:4,(anonymous_0)
FNF:1
FNH:1
FNDA:7,(anonymous_0)
DA:1,1
DA:2,1
DA:4,1
DA:5,7
DA:6,7
DA:8,7
DA:9,1
DA:15,6
DA:16,6
DA:17,1
DA:23,5
DA:25,1
DA:30,4
DA:32,4
DA:33,1
DA:39,3
DA:40,1
DA:46,2
DA:47,1
DA:53,1
DA:54,1
DA:60,0
DA:62,0
DA:63,0
DA:69,0
DA:75,0
DA:76,0
DA:82,0
LF:28
LH:21
BRDA:8,0,0,1
BRDA:8,0,1,6
BRDA:16,1,0,1
BRDA:16,1,1,5
BRDA:32,2,0,1
BRDA:32,2,1,3
BRDA:39,3,0,1
BRDA:39,3,1,2
BRDA:46,4,0,1
BRDA:46,4,1,1
BRDA:53,5,0,1
BRDA:53,5,1,0
BRDA:60,6,0,0
BRDA:60,6,1,0
BRDA:62,7,0,0
BRDA:62,7,1,0
BRDA:69,8,0,0
BRDA:69,8,1,0
BRDA:75,9,0,0
BRDA:75,9,1,0
BRF:20
BRH:11
end_of_record
TN:
SF:routes\auditRoutes.js
FNF:0
FNH:0
DA:1,1
DA:2,1
DA:3,1
DA:5,1
DA:7,1
LF:5
LH:5
BRF:0
BRH:0
end_of_record
TN:
SF:services\auditService.js
FN:5,(anonymous_0)
FN:21,(anonymous_1)
FN:30,(anonymous_2)
FN:84,(anonymous_3)
FN:91,(anonymous_4)
FN:110,(anonymous_5)
FNF:6
FNH:6
FNDA:5,(anonymous_0)
FNDA:5,(anonymous_1)
FNDA:2,(anonymous_2)
FNDA:1,(anonymous_3)
FNDA:2,(anonymous_4)
FNDA:4,(anonymous_5)
DA:1,1
DA:2,1
DA:6,5
DA:8,5
DA:9,5
DA:10,1
DA:12,1
DA:13,1
DA:15,1
DA:17,4
DA:22,5
DA:23,5
DA:30,2
DA:33,2
DA:34,2
DA:35,1
DA:36,1
DA:37,1
DA:40,1
DA:42,4
DA:43,4
DA:44,4
DA:46,4
DA:47,1
DA:48,1
DA:49,1
DA:52,3
DA:61,1
DA:62,1
DA:63,1
DA:66,2
DA:75,1
DA:76,1
DA:77,1
DA:80,1
DA:85,1
DA:87,1
DA:89,1
DA:91,1
DA:92,2
DA:93,2
DA:96,1
DA:97,1
DA:99,1
DA:111,4
DA:115,4
DA:117,0
DA:121,1
LF:48
LH:47
BRDA:30,0,0,2
BRDA:30,0,1,2
BRDA:33,1,0,2
BRDA:33,1,1,0
BRDA:34,2,0,1
BRDA:34,2,1,1
BRDA:42,3,0,4
BRDA:42,3,1,3
BRDA:43,4,0,4
BRDA:43,4,1,0
BRDA:44,5,0,4
BRDA:44,5,1,2
BRDA:44,5,2,4
BRDA:46,6,0,1
BRDA:46,6,1,3
BRDA:46,7,0,4
BRDA:46,7,1,3
BRDA:46,7,2,3
BRDA:46,7,3,3
BRDA:52,8,0,1
BRDA:52,8,1,2
BRDA:53,9,0,3
BRDA:53,9,1,3
BRDA:53,9,2,3
BRDA:53,9,3,3
BRDA:53,9,4,3
BRDA:53,9,5,2
BRDA:53,9,6,2
BRDA:66,10,0,1
BRDA:66,10,1,1
BRDA:67,11,0,2
BRDA:67,11,1,2
BRDA:67,11,2,2
BRDA:67,11,3,2
BRDA:67,11,4,2
BRDA:67,11,5,1
BRDA:67,11,6,1
BRDA:85,12,0,1
BRDA:85,12,1,0
BRDA:87,13,0,1
BRDA:87,13,1,0
BRDA:93,14,0,2
BRDA:93,14,1,1
BRDA:97,15,0,1
BRDA:97,15,1,0
BRDA:111,16,0,4
BRDA:111,16,1,0
BRDA:111,17,0,4
BRDA:111,17,1,3
BRDA:111,17,2,2
BRDA:111,17,3,1
BRF:51
BRH:45
end_of_record
TN:
SF:services\urlValidator.js
FN:1,(anonymous_0)
FNF:1
FNH:1
FNDA:6,(anonymous_0)
DA:1,1
DA:2,6
DA:3,6
DA:5,5
DA:6,0
DA:12,5
DA:13,0
DA:19,5
DA:20,5
DA:22,5
DA:23,0
DA:29,5
DA:34,1
LF:13
LH:10
BRDA:5,0,0,0
BRDA:5,0,1,5
BRDA:5,1,0,5
BRDA:5,1,1,5
BRDA:12,2,0,0
BRDA:12,2,1,5
BRDA:22,3,0,0
BRDA:22,3,1,5
BRDA:22,4,0,5
BRDA:22,4,1,0
BRF:10
BRH:6
end_of_record
